C:\Program Files (x86)\Microsoft Visual Studio\2017\Community\Common7\IDE\VC\VCTargets\Microsoft.CppBuild.targets(391,5): warning MSB8028: The intermediate directory (Release\) contains files shared from another project (Oakwood.vcxproj).  This can lead to incorrect clean and rebuild behavior.
  Generating code
f:\games\mafia\oakwood\code\client\main.cpp : fatal error C1001: An internal error has occurred in the compiler.
  (compiler file 'f:\dd\vctools\compiler\utc\src\p2\main.c', line 260)
   To work around this problem, try simplifying or changing the program near the locations listed above.
  Please choose the Technical Support command on the Visual C++ 
   Help menu, or open the Technical Support help file for more information
    link!InvokeCompilerPass()+0x30e23
    link!InvokeCompilerPass()+0x2029f
    link!InvokeCompilerPass()+0x2076b
    link!InvokeCompilerPass()+0x20690
    link!CloseTypeServerPDB()+0x16a793
    link!InvokeCompilerPassW()+0x548
    link!InvokeCompilerPassW()+0x424
  
f:\games\mafia\oakwood\code\client\main.cpp : fatal error C1001: An internal error has occurred in the compiler.
  (compiler file 'f:\dd\vctools\compiler\utc\src\p2\main.c', line 260)
   To work around this problem, try simplifying or changing the program near the locations listed above.
  Please choose the Technical Support command on the Visual C++ 
   Help menu, or open the Technical Support help file for more information
    link!InvokeCompilerPass()+0x30e23
    link!InvokeCompilerPass()+0x2029f
    link!InvokeCompilerPass()+0x2076b
    link!InvokeCompilerPass()+0x20690
    link!CloseTypeServerPDB()+0x16a793
    link!InvokeCompilerPassW()+0x548
    link!InvokeCompilerPassW()+0x424
  
  
LINK : fatal error LNK1000: Internal error during IMAGE::BuildImage
  
    Version 14.14.26428.1
  
    ExceptionCode            = C0000005
    ExceptionFlags           = 00000000
    ExceptionAddress         = 50392897 (4FEF0000) "C:\Program Files (x86)\Microsoft Visual Studio\2017\Community\VC\Tools\MSVC\14.14.26428\bin\HostX86\x86\c2.dll"
    NumberParameters         = 00000002
    ExceptionInformation[ 0] = 00000000
    ExceptionInformation[ 1] = 00000084
  
  CONTEXT:
    Eax    = 00000022  Esp    = 006FE638
    Ebx    = 00000000  Ebp    = 006FE648
    Ecx    = 05E6E1F4  Esi    = 05E6E1F4
    Edx    = 00000000  Edi    = 10000092
    Eip    = 50392897  EFlags = 00010206
    SegCs  = 00000023  SegDs  = 0000002B
    SegSs  = 0000002B  SegEs  = 0000002B
    SegFs  = 00000053  SegGs  = 0000002B
    Dr0    = 00000000  Dr3    = 00000000
    Dr1    = 00000000  Dr6    = 00000000
    Dr2    = 00000000  Dr7    = 00000000
